0 info it worked if it ends with ok
1 verbose cli [ '/usr/bin/node', '/usr/bin/npm', 'stop' ]
2 info using npm@2.11.3
3 info using node@v0.12.7
4 verbose node symlink /usr/bin/node
5 verbose run-script [ 'prestop', 'stop', 'poststop' ]
6 info prestop project-resume@0.0.1
7 info stop project-resume@0.0.1
8 verbose unsafe-perm in lifecycle true
9 info project-resume@0.0.1 Failed to exec stop script
10 verbose stack Error: project-resume@0.0.1 stop: `mongod --dbpath util/database --port 12345 --shutdown`
10 verbose stack Exit status 1
10 verbose stack     at EventEmitter.<anonymous> (/usr/lib/node_modules/npm/lib/utils/lifecycle.js:213:16)
10 verbose stack     at EventEmitter.emit (events.js:110:17)
10 verbose stack     at ChildProcess.<anonymous> (/usr/lib/node_modules/npm/lib/utils/spawn.js:24:14)
10 verbose stack     at ChildProcess.emit (events.js:110:17)
10 verbose stack     at maybeClose (child_process.js:1015:16)
10 verbose stack     at Process.ChildProcess._handle.onexit (child_process.js:1087:5)
11 verbose pkgid project-resume@0.0.1
12 verbose cwd /home/tcoval/projects/project-resume
13 error Linux 3.19.0-25-generic
14 error argv "/usr/bin/node" "/usr/bin/npm" "stop"
15 error node v0.12.7
16 error npm  v2.11.3
17 error code ELIFECYCLE
18 error project-resume@0.0.1 stop: `mongod --dbpath util/database --port 12345 --shutdown`
18 error Exit status 1
19 error Failed at the project-resume@0.0.1 stop script 'mongod --dbpath util/database --port 12345 --shutdown'.
19 error This is most likely a problem with the project-resume package,
19 error not with npm itself.
19 error Tell the author that this fails on your system:
19 error     mongod --dbpath util/database --port 12345 --shutdown
19 error You can get their info via:
19 error     npm owner ls project-resume
19 error There is likely additional logging output above.
20 verbose exit [ 1, true ]
